Start testing: Apr 14 17:01 MSK
----------------------------------------------------------
1/1 Testing: check
1/1 Test: check
Command: "/home/lis/Sveta1305/workspace/projects/lab05/_build/check"
Directory: /home/lis/Sveta1305/workspace/projects/lab05/_build
"check" start time: Apr 14 17:01 MSK
Output:
----------------------------------------------------------
Running main() from /home/lis/Sveta1305/workspace/projects/lab05/third-party/gtest/googletest/src/gtest_main.cc
[==========] Running 1 test from 1 test case.
[----------] Global test environment set-up.
[----------] 1 test from Print
[ RUN      ] Print.InFileStream
[       OK ] Print.InFileStream (1 ms)
[----------] 1 test from Print (1 ms total)

[----------] Global test environment tear-down
[==========] 1 test from 1 test case ran. (1 ms total)
[  PASSED  ] 1 test.
<end of output>
Test time =   0.01 sec
----------------------------------------------------------
Test Passed.
"check" end time: Apr 14 17:01 MSK
"check" time elapsed: 00:00:00
----------------------------------------------------------

End testing: Apr 14 17:01 MSK
